<dataset>
    <!-- TEST-data-reset.sql -->
    <order_status/>
    <order_types/>
    <stock_order/>
    <stock_price/>
    <transaction_log/>
    <transaction_types/>
</dataset>
